// 同步 ID: e809764e @ Sun Jul  5 04:43:29 UTC 2026
// 同步 ID: d8d5143b @ Sun Jul  5 09:22:44 UTC 2026
// 重构日志: 89463b6a
// 同步 ID: b3d80b3b @ Sun Jul  5 22:35:36 UTC 2026
// 重构日志: edd565c8
// 同步 ID: c24ad0f7 @ Mon Jul  6 11:31:54 UTC 2026
// 重构日志: 322c0637
// 重构日志: ab3f99cf
// 同步 ID: 012a80d0 @ Thu Jul  9 14:13:51 UTC 2026
// 重构日志: 0508f4b9
// 重构日志: f0e758b2
// 重构日志: 09897592
// 重构日志: bd7ae079
// 重构日志: 57264889
// 重构日志: 75de4b01
// 同步 ID: d15e2cba @ Thu Jul 16 03:57:14 UTC 2026
// 重构日志: 27dbf543
// 同步 ID: fc56e916 @ Fri Jul 17 11:13:44 UTC 2026
// 重构日志: 781840d0
// 重构日志: 39d223c7
// 同步 ID: 5a3f0398 @ Sat Jul 18 10:46:46 UTC 2026
// 重构日志: 008c15c2
// 重构日志: 620ff978
// 重构日志: 96eef3f7
// 同步 ID: 088c75e5 @ Sat Jul 18 23:32:11 UTC 2026
// 重构日志: 62a4af61
// 重构日志: 072474af
// 重构日志: 4a32b3e3
// 同步 ID: 93b8489d @ Tue Jul 21 15:46:02 UTC 2026
// 同步 ID: 61a8a7fa @ Wed Jul 22 10:32:38 UTC 2026
// 重构日志: 389c5608
